#
# There is insufficient memory for the Java Runtime Environment to continue.
# Native memory allocation (malloc) failed to allocate 540016 bytes for Chunk::new
# Possible reasons:
#   The system is out of physical RAM or swap space
#   In 32 bit mode, the process size limit was hit
# Possible solutions:
#   Reduce memory load on the system
#   Increase physical memory or swap space
#   Check if swap backing store is full
#   Use 64 bit Java on a 64 bit OS
#   Decrease Java heap size (-Xmx/-Xms)
#   Decrease number of Java threads
#   Decrease Java thread stack sizes (-Xss)
#   Set larger code cache with -XX:ReservedCodeCacheSize=
# This output file may be truncated or incomplete.
#
#  Out of Memory Error (allocation.cpp:390), pid=856, tid=0x0000000000002a84
#
# JRE version: Java(TM) SE Runtime Environment (8.0_121-b13) (build 1.8.0_121-b13)
# Java VM: Java HotSpot(TM) 64-Bit Server VM (25.121-b13 mixed mode windows-amd64 compressed oops)
# Failed to write core dump. Minidumps are not enabled by default on client versions of Windows
#

---------------  T H R E A D  ---------------

Current thread (0x00000000184bb000):  JavaThread "C2 CompilerThread0" daemon [_thread_in_native, id=10884, stack(0x0000000018ab0000,0x0000000018bb0000)]

Stack: [0x0000000018ab0000,0x0000000018bb0000]
[error occurred during error reporting (printing stack bounds), id 0xc0000005]

Native frames: (J=compiled Java code, j=interpreted, Vv=VM code, C=native code)


Current CompileTask:
C2:   2872 3193       4       org.springframework.beans.factory.support.AbstractBeanFactory::isTypeMatch (495 bytes)


---------------  P R O C E S S  ---------------

Java Threads: ( => current thread )
  0x000000001cfb1000 JavaThread "container-0" [_thread_blocked, id=8896, stack(0x000000001f3d0000,0x000000001f4d0000)]
  0x000000001ac13000 JavaThread "ContainerBackgroundProcessor[StandardEngine[Tomcat]]" daemon [_thread_blocked, id=3232, stack(0x000000001f2d0000,0x000000001f3d0000)]
  0x000000001bf6d000 JavaThread "localhost-startStop-1" daemon [_thread_blocked, id=5792, stack(0x000000001efd0000,0x000000001f0d0000)]
  0x000000001aa9c000 JavaThread "Tomcat-startStop-1" daemon [_thread_blocked, id=3480, stack(0x000000001b080000,0x000000001b180000)]
  0x00000000193db000 JavaThread "restartedMain" [_thread_in_vm, id=12324, stack(0x000000001ad80000,0x000000001ae80000)]
  0x0000000019449800 JavaThread "Thread-1" [_thread_blocked, id=11956, stack(0x000000001ac80000,0x000000001ad80000)]
  0x0000000019233000 JavaThread "RMI TCP Accept-0" daemon [_thread_in_native, id=10112, stack(0x00000000198b0000,0x00000000199b0000)]
  0x00000000191c3800 JavaThread "RMI TCP Accept-18798" daemon [_thread_in_native, id=16180, stack(0x00000000197b0000,0x00000000198b0000)]
  0x00000000191b5000 JavaThread "RMI TCP Accept-0" daemon [_thread_in_native, id=17632, stack(0x00000000196b0000,0x00000000197b0000)]
  0x0000000018551000 JavaThread "Service Thread" daemon [_thread_blocked, id=4032, stack(0x0000000018db0000,0x0000000018eb0000)]
  0x00000000184ce000 JavaThread "C1 CompilerThread2" daemon [_thread_in_vm, id=9624, stack(0x0000000018cb0000,0x0000000018db0000)]
  0x00000000184c8000 JavaThread "C2 CompilerThread1" daemon [_thread_in_native, id=6056, stack(0x0000000018bb0000,0x0000000018cb0000)]
=>0x00000000184bb000 JavaThread "C2 CompilerThread0" daemon [_thread_in_native, id=10884, stack(0x0000000018ab0000,0x0000000018bb0000)]
  0x00000000184ba800 JavaThread "Attach Listener" daemon [_thread_blocked, id=10092, stack(0x00000000189b0000,0x0000000018ab0000)]
  0x0000000016de1000 JavaThread "Signal Dispatcher" daemon [_thread_blocked, id=12940, stack(0x00000000188b0000,0x00000000189b0000)]
  0x0000000016dba800 JavaThread "Finalizer" daemon [_thread_blocked, id=4712, stack(0x0000000018030000,0x0000000018130000)]
  0x0000000002285000 JavaThread "Reference Handler" daemon [_thread_blocked, id=11868, stack(0x0000000017f30000,0x0000000018030000)]
  0x0000000002194000 JavaThread "main" [_thread_blocked, id=1476, stack(0x0000000002010000,0x0000000002110000)]

Other Threads:
  0x0000000016d97000 VMThread [stack: 0x0000000017e30000,0x0000000017f30000] [id=14868]
  0x00000000191cb800 WatcherThread [stack: 0x00000000199b0000,0x0000000019ab0000] [id=11676]

VM state:not at safepoint (normal execution)

VM Mutex/Monitor currently owned by a thread:  ([mutex/lock_event])
[0x0000000002192a60] CompiledIC_lock - owner thread: 0x00000000184ce000

Heap:
 PSYoungGen      total 81920K, used 78518K [0x00000000d5e00000, 0x00000000dcf80000, 0x0000000100000000)
  eden space 71680K, 98% used [0x00000000d5e00000,0x00000000da318188,0x00000000da400000)
  from space 10240K, 75% used [0x00000000dae80000,0x00000000db615808,0x00000000db880000)
  to   space 10752K, 0% used [0x00000000da400000,0x00000000da400000,0x00000000dae80000)
 ParOldGen       total 62464K, used 7880K [0x0000000081a00000, 0x0000000085700000, 0x00000000d5e00000)
  object space 62464K, 12% used [0x0000000081a00000,0x00000000821b23e8,0x0000000085700000)
 Metaspace       used 31738K, capacity 32152K, committed 32512K, reserved 1077248K
  class space    used 3924K, capacity 4043K, committed 4096K, reserved 1048576K

Card table byte_map: [0x0000000011650000,0x0000000011a50000] byte_map_base: 0x0000000011243000

Marking Bits: (ParMarkBitMap*) 0x0000000077f7b6d0
 Begin Bits: [0x0000000012100000, 0x0000000014098000)
 End Bits:   [0x0000000014098000, 0x0000000016030000)

Polling page: 0x0000000000590000

CodeCache: size=245760Kb used=12175Kb max_used=12175Kb free=233584Kb
 bounds [0x0000000002290000, 0x0000000002e90000, 0x0000000011290000]
 total_blobs=3607 nmethods=3204 adapters=314
 compilation: disabled (not enough contiguous free space left)

Compilation events (10 events):
Event: 2.837 Thread 0x00000000184c8000 nmethod 3199 0x0000000002e4c710 code [0x0000000002e4c8a0, 0x0000000002e4ccf8]
Event: 2.837 Thread 0x00000000184c8000 3206       4       java.net.URLStreamHandler::parseURL (1193 bytes)
Event: 2.850 Thread 0x00000000184ce000 nmethod 3205% 0x0000000002e51f50 code [0x0000000002e53360, 0x0000000002e63f18]
Event: 2.850 Thread 0x00000000184ce000 3207       3       java.beans.MethodRef::set (58 bytes)
Event: 2.851 Thread 0x00000000184ce000 nmethod 3207 0x0000000002e4ed90 code [0x0000000002e4ef80, 0x0000000002e4fc58]
Event: 2.851 Thread 0x00000000184ce000 3209       3       org.springframework.asm.MethodVisitor::visitLineNumber (17 bytes)
Event: 2.851 Thread 0x00000000184ce000 nmethod 3209 0x0000000002e4e8d0 code [0x0000000002e4ea40, 0x0000000002e4eca8]
Event: 2.851 Thread 0x00000000184ce000 3211       3       org.springframework.beans.PropertyEditorRegistrySupport::registerDefaultEditors (6 bytes)
Event: 2.851 Thread 0x00000000184ce000 nmethod 3211 0x0000000002e4e590 code [0x0000000002e4e6e0, 0x0000000002e4e830]
Event: 2.853 Thread 0x00000000184ce000 3212 %     3       org.springframework.asm.ClassReader::readCode @ 3202 (3579 bytes)

GC Heap History (10 events):
Event: 1.140 GC heap before
{Heap before GC invocations=3 (full 0):
 PSYoungGen      total 38400K, used 30111K [0x00000000d5e00000, 0x00000000da900000, 0x0000000100000000)
  eden space 33280K, 75% used [0x00000000d5e00000,0x00000000d766da10,0x00000000d7e80000)
  from space 5120K, 99% used [0x00000000d8380000,0x00000000d887a2e0,0x00000000d8880000)
  to   space 5120K, 0% used [0x00000000d7e80000,0x00000000d7e80000,0x00000000d8380000)
 ParOldGen       total 87552K, used 3682K [0x0000000081a00000, 0x0000000086f80000, 0x00000000d5e00000)
  object space 87552K, 4% used [0x0000000081a00000,0x0000000081d98930,0x0000000086f80000)
 Metaspace       used 20835K, capacity 21120K, committed 21296K, reserved 1069056K
  class space    used 2533K, capacity 2625K, committed 2688K, reserved 1048576K
Event: 1.147 GC heap after
Heap after GC invocations=3 (full 0):
 PSYoungGen      total 38400K, used 5096K [0x00000000d5e00000, 0x00000000da900000, 0x0000000100000000)
  eden space 33280K, 0% used [0x00000000d5e00000,0x00000000d5e00000,0x00000000d7e80000)
  from space 5120K, 99% used [0x00000000d7e80000,0x00000000d837a020,0x00000000d8380000)
  to   space 5120K, 0% used [0x00000000da400000,0x00000000da400000,0x00000000da900000)
 ParOldGen       total 87552K, used 6636K [0x0000000081a00000, 0x0000000086f80000, 0x00000000d5e00000)
  object space 87552K, 7% used [0x0000000081a00000,0x000000008207b158,0x0000000086f80000)
 Metaspace       used 20835K, capacity 21120K, committed 21296K, reserved 1069056K
  class space    used 2533K, capacity 2625K, committed 2688K, reserved 1048576K
}
Event: 1.147 GC heap before
{Heap before GC invocations=4 (full 1):
 PSYoungGen      total 38400K, used 5096K [0x00000000d5e00000, 0x00000000da900000, 0x0000000100000000)
  eden space 33280K, 0% used [0x00000000d5e00000,0x00000000d5e00000,0x00000000d7e80000)
  from space 5120K, 99% used [0x00000000d7e80000,0x00000000d837a020,0x00000000d8380000)
  to   space 5120K, 0% used [0x00000000da400000,0x00000000da400000,0x00000000da900000)
 ParOldGen       total 87552K, used 6636K [0x0000000081a00000, 0x0000000086f80000, 0x00000000d5e00000)
  object space 87552K, 7% used [0x0000000081a00000,0x000000008207b158,0x0000000086f80000)
 Metaspace       used 20835K, capacity 21120K, committed 21296K, reserved 1069056K
  class space    used 2533K, capacity 2625K, committed 2688K, reserved 1048576K
Event: 1.172 GC heap after
Heap after GC invocations=4 (full 1):
 PSYoungGen      total 38400K, used 0K [0x00000000d5e00000, 0x00000000da900000, 0x0000000100000000)
  eden space 33280K, 0% used [0x00000000d5e00000,0x00000000d5e00000,0x00000000d7e80000)
  from space 5120K, 0% used [0x00000000d7e80000,0x00000000d7e80000,0x00000000d8380000)
  to   space 5120K, 0% used [0x00000000da400000,0x00000000da400000,0x00000000da900000)
 ParOldGen       total 62464K, used 7842K [0x0000000081a00000, 0x0000000085700000, 0x00000000d5e00000)
  object space 62464K, 12% used [0x0000000081a00000,0x00000000821a8848,0x0000000085700000)
 Metaspace       used 20835K, capacity 21120K, committed 21296K, reserved 1069056K
  class space    used 2533K, capacity 2625K, committed 2688K, reserved 1048576K
}
Event: 1.402 GC heap before
{Heap before GC invocations=5 (full 1):
 PSYoungGen      total 38400K, used 33280K [0x00000000d5e00000, 0x00000000da900000, 0x0000000100000000)
  eden space 33280K, 100% used [0x00000000d5e00000,0x00000000d7e80000,0x00000000d7e80000)
  from space 5120K, 0% used [0x00000000d7e80000,0x00000000d7e80000,0x00000000d8380000)
  to   space 5120K, 0% used [0x00000000da400000,0x00000000da400000,0x00000000da900000)
 ParOldGen       total 62464K, used 7856K [0x0000000081a00000, 0x0000000085700000, 0x00000000d5e00000)
  object space 62464K, 12% used [0x0000000081a00000,0x00000000821ac3e8,0x0000000085700000)
 Metaspace       used 22462K, capacity 22740K, committed 22960K, reserved 1069056K
  class space    used 2711K, capacity 2802K, committed 2816K, reserved 1048576K
Event: 1.405 GC heap after
Heap after GC invocations=5 (full 1):
 PSYoungGen      total 52736K, used 3146K [0x00000000d5e00000, 0x00000000da780000, 0x0000000100000000)
  eden space 49152K, 0% used [0x00000000d5e00000,0x00000000d5e00000,0x00000000d8e00000)
  from space 3584K, 87% used [0x00000000da400000,0x00000000da712bd8,0x00000000da780000)
  to   space 5120K, 0% used [0x00000000d9d80000,0x00000000d9d80000,0x00000000da280000)
 ParOldGen       total 62464K, used 7864K [0x0000000081a00000, 0x0000000085700000, 0x00000000d5e00000)
  object space 62464K, 12% used [0x0000000081a00000,0x00000000821ae3e8,0x0000000085700000)
 Metaspace       used 22462K, capacity 22740K, committed 22960K, reserved 1069056K
  class space    used 2711K, capacity 2802K, committed 2816K, reserved 1048576K
}
Event: 1.669 GC heap before
{Heap before GC invocations=6 (full 1):
 PSYoungGen      total 52736K, used 52298K [0x00000000d5e00000, 0x00000000da780000, 0x0000000100000000)
  eden space 49152K, 100% used [0x00000000d5e00000,0x00000000d8e00000,0x00000000d8e00000)
  from space 3584K, 87% used [0x00000000da400000,0x00000000da712bd8,0x00000000da780000)
  to   space 5120K, 0% used [0x00000000d9d80000,0x00000000d9d80000,0x00000000da280000)
 ParOldGen       total 62464K, used 7864K [0x0000000081a00000, 0x0000000085700000, 0x00000000d5e00000)
  object space 62464K, 12% used [0x0000000081a00000,0x00000000821ae3e8,0x0000000085700000)
 Metaspace       used 23500K, capacity 23834K, committed 24064K, reserved 1071104K
  class space    used 2858K, capacity 2968K, committed 3072K, reserved 1048576K
Event: 1.674 GC heap after
Heap after GC invocations=6 (full 1):
 PSYoungGen      total 70144K, used 4714K [0x00000000d5e00000, 0x00000000db880000, 0x0000000100000000)
  eden space 65024K, 0% used [0x00000000d5e00000,0x00000000d5e00000,0x00000000d9d80000)
  from space 5120K, 92% used [0x00000000d9d80000,0x00000000da21a9e0,0x00000000da280000)
  to   space 10240K, 0% used [0x00000000dae80000,0x00000000dae80000,0x00000000db880000)
 ParOldGen       total 62464K, used 7872K [0x0000000081a00000, 0x0000000085700000, 0x00000000d5e00000)
  object space 62464K, 12% used [0x0000000081a00000,0x00000000821b03e8,0x0000000085700000)
 Metaspace       used 23500K, capacity 23834K, committed 24064K, reserved 1071104K
  class space    used 2858K, capacity 2968K, committed 3072K, reserved 1048576K
}
Event: 2.223 GC heap before
{Heap before GC invocations=7 (full 1):
 PSYoungGen      total 70144K, used 69738K [0x00000000d5e00000, 0x00000000db880000, 0x0000000100000000)
  eden space 65024K, 100% used [0x00000000d5e00000,0x00000000d9d80000,0x00000000d9d80000)
  from space 5120K, 92% used [0x00000000d9d80000,0x00000000da21a9e0,0x00000000da280000)
  to   space 10240K, 0% used [0x00000000dae80000,0x00000000dae80000,0x00000000db880000)
 ParOldGen       total 62464K, used 7872K [0x0000000081a00000, 0x0000000085700000, 0x00000000d5e00000)
  object space 62464K, 12% used [0x0000000081a00000,0x00000000821b03e8,0x0000000085700000)
 Metaspace       used 27236K, capacity 27660K, committed 28032K, reserved 1073152K
  class space    used 3342K, capacity 3426K, committed 3456K, reserved 1048576K
Event: 2.233 GC heap after
Heap after GC invocations=7 (full 1):
 PSYoungGen      total 81920K, used 7766K [0x00000000d5e00000, 0x00000000dcf80000, 0x0000000100000000)
  eden space 71680K, 0% used [0x00000000d5e00000,0x00000000d5e00000,0x00000000da400000)
  from space 10240K, 75% used [0x00000000dae80000,0x00000000db615808,0x00000000db880000)
  to   space 10752K, 0% used [0x00000000da400000,0x00000000da400000,0x00000000dae80000)
 ParOldGen       total 62464K, used 7880K [0x0000000081a00000, 0x0000000085700000, 0x00000000d5e00000)
  object space 62464K, 12% used [0x0000000081a00000,0x00000000821b23e8,0x0000000085700000)
 Metaspace       used 27236K, capacity 27660K, committed 28032K, reserved 1073152K
  class space    used 3342K, capacity 3426K, committed 3456K, reserved 1048576K
}

Deoptimization events (10 events):
Event: 2.621 Thread 0x000000001bf6d000 Uncommon trap: reason=unstable_if action=reinterpret pc=0x0000000002d29a54 method=java.util.Properties$LineReader.readLine()I @ 180
Event: 2.631 Thread 0x000000001bf6d000 Uncommon trap: reason=unstable_if action=reinterpret pc=0x0000000002a23e8c method=org.springframework.util.ConcurrentReferenceHashMap$Segment.findInChain(Lorg/springframework/util/ConcurrentReferenceHashMap$Reference;Ljava/lang/Object;I)Lorg/springframewo
Event: 2.716 Thread 0x00000000193db000 Uncommon trap: reason=bimorphic action=maybe_recompile pc=0x0000000002a2866c method=java.util.Hashtable.get(Ljava/lang/Object;)Ljava/lang/Object; @ 6
Event: 2.716 Thread 0x00000000193db000 Uncommon trap: reason=bimorphic action=maybe_recompile pc=0x0000000002a2866c method=java.util.Hashtable.get(Ljava/lang/Object;)Ljava/lang/Object; @ 6
Event: 2.772 Thread 0x00000000193db000 Uncommon trap: reason=unstable_if action=reinterpret pc=0x0000000002a09770 method=sun.reflect.annotation.AnnotationInvocationHandler.equalsImpl(Ljava/lang/Object;)Ljava/lang/Boolean; @ 142
Event: 2.784 Thread 0x00000000193db000 Uncommon trap: reason=unstable_if action=reinterpret pc=0x0000000002a2283c method=org.springframework.util.ConcurrentReferenceHashMap$Segment.findInChain(Lorg/springframework/util/ConcurrentReferenceHashMap$Reference;Ljava/lang/Object;I)Lorg/springframewo
Event: 2.793 Thread 0x00000000193db000 Uncommon trap: reason=class_check action=maybe_recompile pc=0x0000000002e068d4 method=org.springframework.beans.factory.support.AbstractBeanFactory.isTypeMatch(Ljava/lang/String;Lorg/springframework/core/ResolvableType;)Z @ 37
Event: 2.795 Thread 0x00000000193db000 Uncommon trap: reason=class_check action=maybe_recompile pc=0x0000000002e068d4 method=org.springframework.beans.factory.support.AbstractBeanFactory.isTypeMatch(Ljava/lang/String;Lorg/springframework/core/ResolvableType;)Z @ 37
Event: 2.796 Thread 0x00000000193db000 Uncommon trap: reason=class_check action=maybe_recompile pc=0x0000000002e068d4 method=org.springframework.beans.factory.support.AbstractBeanFactory.isTypeMatch(Ljava/lang/String;Lorg/springframework/core/ResolvableType;)Z @ 37
Event: 2.797 Thread 0x00000000193db000 Uncommon trap: reason=class_check action=maybe_recompile pc=0x0000000002e068d4 method=org.springframework.beans.factory.support.AbstractBeanFactory.isTypeMatch(Ljava/lang/String;Lorg/springframework/core/ResolvableType;)Z @ 37

Internal exceptions (10 events):
Event: 2.832 Thread 0x00000000193db000 Exception <a 'java/lang/ClassNotFoundException': springfox/documentation/spring/web/scanners/ApiDescriptionReaderCustomizer> (0x00000000da06d148) thrown at [C:\re\workspace\8-2-build-windows-amd64-cygwin\jdk8u121\8372\hotspot\src\share\vm\classfile\system
Event: 2.835 Thread 0x00000000193db000 Exception <a 'java/lang/ClassNotFoundException': java/lang/ObjectCustomizer> (0x00000000da0a6a00) thrown at [C:\re\workspace\8-2-build-windows-amd64-cygwin\jdk8u121\8372\hotspot\src\share\vm\classfile\systemDictionary.cpp, line 210]
Event: 2.836 Thread 0x00000000193db000 Exception <a 'java/lang/ClassNotFoundException': springfox/documentation/spring/web/scanners/ApiListingReferenceScannerCustomizer> (0x00000000da0bf140) thrown at [C:\re\workspace\8-2-build-windows-amd64-cygwin\jdk8u121\8372\hotspot\src\share\vm\classfile\
Event: 2.864 Thread 0x00000000193db000 Exception <a 'java/lang/ClassNotFoundException': java/lang/ObjectCustomizer> (0x00000000da159e30) thrown at [C:\re\workspace\8-2-build-windows-amd64-cygwin\jdk8u121\8372\hotspot\src\share\vm\classfile\systemDictionary.cpp, line 210]
Event: 2.864 Thread 0x00000000193db000 Exception <a 'java/lang/ClassNotFoundException': springfox/documentation/schema/configuration/ModelsConfigurationCustomizer> (0x00000000da1724e8) thrown at [C:\re\workspace\8-2-build-windows-amd64-cygwin\jdk8u121\8372\hotspot\src\share\vm\classfile\system
Event: 2.864 Thread 0x00000000193db000 Exception <a 'java/lang/ClassNotFoundException': springfox/documentation/schema/configuration/ModelsConfiguration$$EnhancerBySpringCGLIB$$476a2910Customizer> (0x00000000da18f460) thrown at [C:\re\workspace\8-2-build-windows-amd64-cygwin\jdk8u121\8372\hots
Event: 2.865 Thread 0x00000000193db000 Exception <a 'java/lang/ClassNotFoundException': org/springframework/context/annotation/ConfigurationClassEnhancer$EnhancedConfigurationCustomizer> (0x00000000da1af118) thrown at [C:\re\workspace\8-2-build-windows-amd64-cygwin\jdk8u121\8372\hotspot\src\sh
Event: 2.869 Thread 0x00000000193db000 Exception <a 'java/lang/ClassNotFoundException': java/lang/ObjectCustomizer> (0x00000000da21eb90) thrown at [C:\re\workspace\8-2-build-windows-amd64-cygwin\jdk8u121\8372\hotspot\src\share\vm\classfile\systemDictionary.cpp, line 210]
Event: 2.870 Thread 0x00000000193db000 Exception <a 'java/lang/ClassNotFoundException': com/fasterxml/classmate/TypeResolverCustomizer> (0x00000000da232220) thrown at [C:\re\workspace\8-2-build-windows-amd64-cygwin\jdk8u121\8372\hotspot\src\share\vm\classfile\systemDictionary.cpp, line 210]
Event: 2.870 Thread 0x00000000193db000 Exception <a 'java/lang/ClassNotFoundException': java/io/SerializableCustomizer> (0x00000000da23fa58) thrown at [C:\re\workspace\8-2-build-windows-amd64-cygwin\jdk8u121\8372\hotspot\src\share\vm\classfile\systemDictionary.cpp, line 210]

Events (10 events):
Event: 2.869 loading class com/fasterxml/classmate/TypeResolverCustomizer
Event: 2.869 loading class com/fasterxml/classmate/TypeResolverCustomizer done
Event: 2.869 loading class com/fasterxml/classmate/TypeResolverCustomizer
Event: 2.869 loading class com/fasterxml/classmate/TypeResolverCustomizer done
Event: 2.870 loading class com/fasterxml/classmate/TypeResolverCustomizer
Event: 2.870 loading class com/fasterxml/classmate/TypeResolverCustomizer done
Event: 2.870 loading class java/io/SerializableCustomizer
Event: 2.870 loading class java/io/SerializableCustomizer done
Event: 2.870 loading class java/io/SerializableCustomizer
Event: 2.870 loading class java/io/SerializableCustomizer done


Dynamic libraries:
0x00007ff616bd0000 - 0x00007ff616c07000 	E:\Program Files\Java\jdk1.8.0_121\bin\javaw.exe
0x00007ffa122c0000 - 0x00007ffa12469000 	C:\Windows\SYSTEM32\ntdll.dll
0x00007ffa0fe00000 - 0x00007ffa0ff39000 	C:\Windows\system32\KERNEL32.DLL
0x00007ffa0f940000 - 0x00007ffa0fa4e000 	C:\Windows\system32\KERNELBASE.dll
0x00007ffa10990000 - 0x00007ffa10a35000 	C:\Windows\system32\ADVAPI32.dll
0x00007ffa10810000 - 0x00007ffa10981000 	C:\Windows\system32\USER32.dll
0x00007ffa0cf00000 - 0x00007ffa0d15a000 	C:\Windows\WinSxS\amd64_microsoft.windows.common-controls_6595b64144ccf1df_6.0.9600.16384_none_62475f7becb72503\COMCTL32.dll
0x00007ffa10aa0000 - 0x00007ffa10b47000 	C:\Windows\system32\msvcrt.dll
0x00007ffa107b0000 - 0x00007ffa10807000 	C:\Windows\SYSTEM32\sechost.dll
0x00007ffa10630000 - 0x00007ffa10766000 	C:\Windows\system32\RPCRT4.dll
0x00007ffa10ca0000 - 0x00007ffa10de5000 	C:\Windows\system32\GDI32.dll
0x00007ffa10770000 - 0x00007ffa107a4000 	C:\Windows\system32\IMM32.DLL
0x00007ffa0fbf0000 - 0x00007ffa0fd29000 	C:\Windows\system32\MSCTF.dll
0x00000000506a0000 - 0x0000000050772000 	E:\Program Files\Java\jdk1.8.0_121\jre\bin\msvcr100.dll
0x0000000077760000 - 0x0000000077ffb000 	E:\Program Files\Java\jdk1.8.0_121\jre\bin\server\jvm.dll
0x00007ffa01e40000 - 0x00007ffa01e49000 	C:\Windows\SYSTEM32\WSOCK32.dll
0x00007ffa003a0000 - 0x00007ffa003bf000 	C:\Windows\SYSTEM32\WINMM.dll
0x00007ffa01700000 - 0x00007ffa0170a000 	C:\Windows\SYSTEM32\VERSION.dll
0x00007ffa100c0000 - 0x00007ffa100c7000 	C:\Windows\system32\PSAPI.DLL
0x00007ffa0fb80000 - 0x00007ffa0fbd8000 	C:\Windows\system32\WS2_32.dll
0x00007ffa00370000 - 0x00007ffa0039a000 	C:\Windows\SYSTEM32\WINMMBASE.dll
0x00007ffa0fb70000 - 0x00007ffa0fb79000 	C:\Windows\system32\NSI.dll
0x00007ffa0f710000 - 0x00007ffa0f75a000 	C:\Windows\SYSTEM32\cfgmgr32.dll
0x00007ffa0e4c0000 - 0x00007ffa0e4e6000 	C:\Windows\SYSTEM32\DEVOBJ.dll
0x0000000050690000 - 0x000000005069f000 	E:\Program Files\Java\jdk1.8.0_121\jre\bin\verify.dll
0x0000000050660000 - 0x0000000050689000 	E:\Program Files\Java\jdk1.8.0_121\jre\bin\java.dll
0x0000000050640000 - 0x0000000050656000 	E:\Program Files\Java\jdk1.8.0_121\jre\bin\zip.dll
0x00007ffa10eb0000 - 0x00007ffa122bd000 	C:\Windows\system32\SHELL32.dll
0x00007ffa100d0000 - 0x00007ffa102a7000 	C:\Windows\SYSTEM32\combase.dll
0x00007ffa10a40000 - 0x00007ffa10a91000 	C:\Windows\system32\SHLWAPI.dll
0x00007ffa0dbb0000 - 0x00007ffa0dc51000 	C:\Windows\SYSTEM32\SHCORE.dll
0x00007ffa0f640000 - 0x00007ffa0f654000 	C:\Windows\SYSTEM32\profapi.dll
0x0000000050630000 - 0x000000005063d000 	E:\Program Files\Java\jdk1.8.0_121\jre\bin\management.dll
0x0000000050610000 - 0x000000005062a000 	E:\Program Files\Java\jdk1.8.0_121\jre\bin\net.dll
0x00007ffa0eea0000 - 0x00007ffa0eef8000 	C:\Windows\system32\mswsock.dll
0x00000000505f0000 - 0x0000000050601000 	E:\Program Files\Java\jdk1.8.0_121\jre\bin\nio.dll
0x00007ffa06790000 - 0x00007ffa067a4000 	C:\Windows\system32\napinsp.dll
0x00007ffa06770000 - 0x00007ffa06789000 	C:\Windows\system32\pnrpnsp.dll
0x00007ffa0d710000 - 0x00007ffa0d729000 	C:\Windows\system32\NLAapi.dll
0x00007ffa0ecb0000 - 0x00007ffa0ed53000 	C:\Windows\SYSTEM32\DNSAPI.dll
0x00007ffa06760000 - 0x00007ffa0676c000 	C:\Windows\System32\winrnr.dll
0x00007ffa06cb0000 - 0x00007ffa06cb9000 	C:\Windows\System32\rasadhlp.dll
0x00007ffa09db0000 - 0x00007ffa09dd9000 	C:\Windows\SYSTEM32\IPHLPAPI.DLL
0x00007ffa09da0000 - 0x00007ffa09daa000 	C:\Windows\SYSTEM32\WINNSI.DLL
0x00007ffa095a0000 - 0x00007ffa09607000 	C:\Windows\System32\fwpuclnt.dll
0x00007ffa0ef00000 - 0x00007ffa0ef1e000 	C:\Windows\SYSTEM32\CRYPTSP.dll
0x00007ffa0eb40000 - 0x00007ffa0eb75000 	C:\Windows\system32\rsaenh.dll
0x00007ffa0f130000 - 0x00007ffa0f156000 	C:\Windows\SYSTEM32\bcrypt.dll
0x00007ffa0ec50000 - 0x00007ffa0ec6f000 	C:\Windows\SYSTEM32\USERENV.dll
0x00007ffa0f450000 - 0x00007ffa0f4ae000 	C:\Windows\system32\bcryptprimitives.dll
0x00007ffa0f4b0000 - 0x00007ffa0f4ba000 	C:\Windows\SYSTEM32\CRYPTBASE.dll
0x00007ffa098a0000 - 0x00007ffa098b4000 	C:\Windows\SYSTEM32\dhcpcsvc6.DLL
0x00007ffa09880000 - 0x00007ffa09899000 	C:\Windows\SYSTEM32\dhcpcsvc.DLL

VM Arguments:
jvm_args: -Dcom.sun.management.jmxremote -Dcom.sun.management.jmxremote.port=18798 -Dcom.sun.management.jmxremote.authenticate=false -Dcom.sun.management.jmxremote.ssl=false -Dspring.liveBeansView.mbeanDomain -Dspring.application.admin.enabled=true -Dfile.encoding=UTF-8 
java_command: com.birdsh.SpringBootTestApplication --spring.output.ansi.enabled=always
java_class_path (initial): F:\GitHub\SpringBoot\target\classes;C:\Users\Administrator\.m2\repository\org\springframework\boot\spring-boot-starter-web\1.5.6.RELEASE\spring-boot-starter-web-1.5.6.RELEASE.jar;C:\Users\Administrator\.m2\repository\org\springframework\boot\spring-boot-starter-tomcat\1.5.6.RELEASE\spring-boot-starter-tomcat-1.5.6.RELEASE.jar;C:\Users\Administrator\.m2\repository\org\apache\tomcat\embed\tomcat-embed-core\8.5.16\tomcat-embed-core-8.5.16.jar;C:\Users\Administrator\.m2\repository\org\apache\tomcat\embed\tomcat-embed-el\8.5.16\tomcat-embed-el-8.5.16.jar;C:\Users\Administrator\.m2\repository\org\apache\tomcat\embed\tomcat-embed-websocket\8.5.16\tomcat-embed-websocket-8.5.16.jar;C:\Users\Administrator\.m2\repository\org\hibernate\hibernate-validator\5.3.5.Final\hibernate-validator-5.3.5.Final.jar;C:\Users\Administrator\.m2\repository\javax\validation\validation-api\1.1.0.Final\validation-api-1.1.0.Final.jar;C:\Users\Administrator\.m2\repository\org\jboss\logging\jboss-logging\3.3.1.Final\jboss-logging-3.3.1.Final.jar;C:\Users\Administrator\.m2\repository\com\fasterxml\jackson\core\jackson-databind\2.8.9\jackson-databind-2.8.9.jar;C:\Users\Administrator\.m2\repository\com\fasterxml\jackson\core\jackson-annotations\2.8.0\jackson-annotations-2.8.0.jar;C:\Users\Administrator\.m2\repository\com\fasterxml\jackson\core\jackson-core\2.8.9\jackson-core-2.8.9.jar;C:\Users\Administrator\.m2\repository\org\springframework\spring-web\4.3.10.RELEASE\spring-web-4.3.10.RELEASE.jar;C:\Users\Administrator\.m2\repository\org\springframework\spring-aop\4.3.10.RELEASE\spring-aop-4.3.10.RELEASE.jar;C:\Users\Administrator\.m2\repository\org\springframework\spring-beans\4.3.10.RELEASE\spring-beans-4.3.10.RELEASE.jar;C:\Users\Administrator\.m2\repository\org\springframework\spring-context\4.3.10.RELEASE\spring-context-4.3.10.RELEASE.jar;C:\Users\Administrator\.m2\repository\org\springframework\spring-webmvc\4.3.10.RELEASE\spring-webmvc-4.3.10.RELEASE.jar;C:\Users\Admi
Launcher Type: SUN_STANDARD

Environment Variables:
JAVA_HOME=E:\Program Files\Java\jdk1.8.0_121
PATH=E:/Program Files/Java/jre1.8.0_121/bin/server;E:/Program Files/Java/jre1.8.0_121/bin;E:/Program Files/Java/jre1.8.0_121/lib/amd64;C:\ProgramData\Oracle\Java\javapath;C:\Windows\system32;C:\Windows;C:\Windows\System32\Wbem;C:\Windows\System32\WindowsPowerShell\v1.0\;E:\Program Files\Java\jdk1.8.0_121\bin;E:\Program Files\Java\jdk1.8.0_121\jre\bin;E:\Program Files\MySQL\MySQL Server 5.5\bin;E:\apache-maven-3.5.0\bin;C:\Windows\SysWOW64\5097;C:\Windows\SysWOW64;C:\Program Files (x86)\Windows Kits\8.1\Windows Performance Toolkit\;C:\Program Files\Microsoft SQL Server\110\Tools\Binn\;C:\Program Files (x86)\Microsoft SDKs\TypeScript\1.0\;C:\Program Files\Microsoft SQL Server\120\Tools\Binn\;E:\Program Files\TortoiseSVN\bin;E:\Program Files\TortoiseGit\bin;E:\Program Files\Git\cmd;E:\sts-bundle\sts-3.8.3.RELEASE;
USERNAME=Administrator
OS=Windows_NT
PROCESSOR_IDENTIFIER=Intel64 Family 6 Model 94 Stepping 3, GenuineIntel



---------------  S Y S T E M  ---------------

OS: Windows 8.1 , 64 bit Build 9600 (6.3.9600.16656)

CPU:total 4 (4 cores per cpu, 1 threads per core) family 6 model 94 stepping 3, cmov, cx8, fxsr, mmx, sse, sse2, sse3, ssse3, sse4.1, sse4.2, popcnt, avx, avx2, aes, clmul, erms, 3dnowpref, lzcnt, tsc, tscinvbit, bmi1, bmi2, adx

Memory: 4k page, physical 8275416k(2552068k free), swap 8275416k(5164k free)

vm_info: Java HotSpot(TM) 64-Bit Server VM (25.121-b13) for windows-amd64 JRE (1.8.0_121-b13), built on Dec 12 2016 18:21:36 by "java_re" with MS VC++ 10.0 (VS2010)

time: Thu Sep 14 18:01:37 2017
elapsed time: 2 seconds (0d 0h 0m 2s)

