#
# There is insufficient memory for the Java Runtime Environment to continue.
# Native memory allocation (malloc) failed to allocate 32744 bytes for ChunkPool::allocate
# Possible reasons:
#   The system is out of physical RAM or swap space
#   In 32 bit mode, the process size limit was hit
# Possible solutions:
#   Reduce memory load on the system
#   Increase physical memory or swap space
#   Check if swap backing store is full
#   Use 64 bit Java on a 64 bit OS
#   Decrease Java heap size (-Xmx/-Xms)
#   Decrease number of Java threads
#   Decrease Java thread stack sizes (-Xss)
#   Set larger code cache with -XX:ReservedCodeCacheSize=
# This output file may be truncated or incomplete.
#
#  Out of Memory Error (allocation.cpp:273), pid=12232, tid=0x00000000000025e8
#
# JRE version: Java(TM) SE Runtime Environment (8.0_121-b13) (build 1.8.0_121-b13)
# Java VM: Java HotSpot(TM) 64-Bit Server VM (25.121-b13 mixed mode windows-amd64 compressed oops)
# Failed to write core dump. Minidumps are not enabled by default on client versions of Windows
#

---------------  T H R E A D  ---------------

Current thread (0x000000001921a800):  JavaThread "C2 CompilerThread1" daemon [_thread_in_native, id=9704, stack(0x0000000019910000,0x0000000019a10000)]

Stack: [0x0000000019910000,0x0000000019a10000]
[error occurred during error reporting (printing stack bounds), id 0xc0000005]

Native frames: (J=compiled Java code, j=interpreted, Vv=VM code, C=native code)


Current CompileTask:
C2:   2105 2120   !   4       java.net.URLClassLoader$1::run (63 bytes)


---------------  P R O C E S S  ---------------

Java Threads: ( => current thread )
  0x000000001a116000 JavaThread "restartedMain" [_thread_in_vm, id=2120, stack(0x000000001bb00000,0x000000001bc00000)]
  0x000000001a409000 JavaThread "Thread-1" [_thread_blocked, id=732, stack(0x000000001ba00000,0x000000001bb00000)]
  0x0000000019f38000 JavaThread "RMI TCP Accept-0" daemon [_thread_in_native, id=5996, stack(0x000000001a630000,0x000000001a730000)]
  0x0000000019f0d000 JavaThread "RMI TCP Accept-18794" daemon [_thread_in_native, id=4424, stack(0x000000001a530000,0x000000001a630000)]
  0x0000000019f00800 JavaThread "RMI TCP Accept-0" daemon [_thread_in_native, id=3108, stack(0x000000001a430000,0x000000001a530000)]
  0x000000001929e800 JavaThread "Service Thread" daemon [_thread_blocked, id=8596, stack(0x0000000019b10000,0x0000000019c10000)]
  0x0000000019223800 JavaThread "C1 CompilerThread2" daemon [_thread_blocked, id=6776, stack(0x0000000019a10000,0x0000000019b10000)]
=>0x000000001921a800 JavaThread "C2 CompilerThread1" daemon [_thread_in_native, id=9704, stack(0x0000000019910000,0x0000000019a10000)]
  0x0000000017b2a800 JavaThread "C2 CompilerThread0" daemon [_thread_in_native, id=9232, stack(0x0000000019810000,0x0000000019910000)]
  0x0000000017b8e800 JavaThread "Attach Listener" daemon [_thread_blocked, id=13120, stack(0x0000000019710000,0x0000000019810000)]
  0x0000000017b41000 JavaThread "Signal Dispatcher" daemon [_thread_blocked, id=12988, stack(0x0000000019610000,0x0000000019710000)]
  0x0000000002fbd800 JavaThread "Finalizer" daemon [_thread_blocked, id=12508, stack(0x0000000018d90000,0x0000000018e90000)]
  0x0000000002fb4000 JavaThread "Reference Handler" daemon [_thread_blocked, id=9212, stack(0x0000000018c90000,0x0000000018d90000)]
  0x0000000002ec4000 JavaThread "main" [_thread_blocked, id=184, stack(0x0000000002a80000,0x0000000002b80000)]

Other Threads:
  0x0000000017af8000 VMThread [stack: 0x0000000018b90000,0x0000000018c90000] [id=10384]
  0x0000000019f3d000 WatcherThread [stack: 0x000000001a730000,0x000000001a830000] [id=11712]

VM state:not at safepoint (normal execution)

VM Mutex/Monitor currently owned by a thread: None

Heap:
 PSYoungGen      total 108032K, used 54789K [0x00000000d5e00000, 0x00000000dea00000, 0x0000000100000000)
  eden space 102912K, 48% used [0x00000000d5e00000,0x00000000d8e83df8,0x00000000dc280000)
  from space 5120K, 99% used [0x00000000de500000,0x00000000de9fd838,0x00000000dea00000)
  to   space 5120K, 0% used [0x00000000de000000,0x00000000de000000,0x00000000de500000)
 ParOldGen       total 60416K, used 8089K [0x0000000081a00000, 0x0000000085500000, 0x00000000d5e00000)
  object space 60416K, 13% used [0x0000000081a00000,0x00000000821e6630,0x0000000085500000)
 Metaspace       used 24851K, capacity 25202K, committed 25472K, reserved 1071104K
  class space    used 3048K, capacity 3164K, committed 3200K, reserved 1048576K

Card table byte_map: [0x0000000012380000,0x0000000012780000] byte_map_base: 0x0000000011f73000

Marking Bits: (ParMarkBitMap*) 0x0000000077f7b6d0
 Begin Bits: [0x0000000012e30000, 0x0000000014dc8000)
 End Bits:   [0x0000000014dc8000, 0x0000000016d60000)

Polling page: 0x0000000002b80000

CodeCache: size=245760Kb used=8626Kb max_used=8626Kb free=237133Kb
 bounds [0x0000000002fc0000, 0x0000000003840000, 0x0000000011fc0000]
 total_blobs=2781 nmethods=2391 adapters=302
 compilation: enabled

Compilation events (10 events):
Event: 2.059 Thread 0x0000000019223800 2401   !   2       org.springframework.core.annotation.AnnotatedElementUtils::searchWithGetSemantics (165 bytes)
Event: 2.060 Thread 0x0000000019223800 nmethod 2401 0x0000000003827090 code [0x00000000038272a0, 0x0000000003827ab8]
Event: 2.065 Thread 0x0000000019223800 2402       2       org.springframework.core.ResolvableType$1::isAssignableFrom (26 bytes)
Event: 2.065 Thread 0x0000000019223800 nmethod 2402 0x0000000003828550 code [0x00000000038286c0, 0x00000000038288a8]
Event: 2.066 Thread 0x0000000019223800 2403       2       org.springframework.beans.BeanMetadataAttributeAccessor::getAttribute (22 bytes)
Event: 2.067 Thread 0x0000000019223800 nmethod 2403 0x00000000038289d0 code [0x0000000003828b60, 0x0000000003828df8]
Event: 2.067 Thread 0x0000000019223800 2404 % !   3       java.util.concurrent.ConcurrentHashMap::transfer @ 99 (832 bytes)
Event: 2.070 Thread 0x0000000019223800 nmethod 2404% 0x0000000003828fd0 code [0x0000000003829360, 0x000000000382bb18]
Event: 2.070 Thread 0x0000000019223800 2405   !   3       java.util.concurrent.ConcurrentHashMap::transfer (832 bytes)
Event: 2.072 Thread 0x0000000019223800 nmethod 2405 0x000000000382dd10 code [0x000000000382e080, 0x0000000003830678]

GC Heap History (10 events):
Event: 0.774 GC heap before
{Heap before GC invocations=1 (full 0):
 PSYoungGen      total 38400K, used 33280K [0x00000000d5e00000, 0x00000000d8880000, 0x0000000100000000)
  eden space 33280K, 100% used [0x00000000d5e00000,0x00000000d7e80000,0x00000000d7e80000)
  from space 5120K, 0% used [0x00000000d8380000,0x00000000d8380000,0x00000000d8880000)
  to   space 5120K, 0% used [0x00000000d7e80000,0x00000000d7e80000,0x00000000d8380000)
 ParOldGen       total 87552K, used 0K [0x0000000081a00000, 0x0000000086f80000, 0x00000000d5e00000)
  object space 87552K, 0% used [0x0000000081a00000,0x0000000081a00000,0x0000000086f80000)
 Metaspace       used 11586K, capacity 11810K, committed 12032K, reserved 1060864K
  class space    used 1405K, capacity 1484K, committed 1536K, reserved 1048576K
Event: 0.782 GC heap after
Heap after GC invocations=1 (full 0):
 PSYoungGen      total 38400K, used 5117K [0x00000000d5e00000, 0x00000000da900000, 0x0000000100000000)
  eden space 33280K, 0% used [0x00000000d5e00000,0x00000000d5e00000,0x00000000d7e80000)
  from space 5120K, 99% used [0x00000000d7e80000,0x00000000d837f768,0x00000000d8380000)
  to   space 5120K, 0% used [0x00000000da400000,0x00000000da400000,0x00000000da900000)
 ParOldGen       total 87552K, used 436K [0x0000000081a00000, 0x0000000086f80000, 0x00000000d5e00000)
  object space 87552K, 0% used [0x0000000081a00000,0x0000000081a6d308,0x0000000086f80000)
 Metaspace       used 11586K, capacity 11810K, committed 12032K, reserved 1060864K
  class space    used 1405K, capacity 1484K, committed 1536K, reserved 1048576K
}
Event: 1.008 GC heap before
{Heap before GC invocations=2 (full 0):
 PSYoungGen      total 38400K, used 38397K [0x00000000d5e00000, 0x00000000da900000, 0x0000000100000000)
  eden space 33280K, 100% used [0x00000000d5e00000,0x00000000d7e80000,0x00000000d7e80000)
  from space 5120K, 99% used [0x00000000d7e80000,0x00000000d837f768,0x00000000d8380000)
  to   space 5120K, 0% used [0x00000000da400000,0x00000000da400000,0x00000000da900000)
 ParOldGen       total 87552K, used 436K [0x0000000081a00000, 0x0000000086f80000, 0x00000000d5e00000)
  object space 87552K, 0% used [0x0000000081a00000,0x0000000081a6d308,0x0000000086f80000)
 Metaspace       used 16661K, capacity 16898K, committed 17024K, reserved 1064960K
  class space    used 2079K, capacity 2156K, committed 2176K, reserved 1048576K
Event: 1.018 GC heap after
Heap after GC invocations=2 (full 0):
 PSYoungGen      total 71680K, used 5111K [0x00000000d5e00000, 0x00000000da900000, 0x0000000100000000)
  eden space 66560K, 0% used [0x00000000d5e00000,0x00000000d5e00000,0x00000000d9f00000)
  from space 5120K, 99% used [0x00000000da400000,0x00000000da8fdc20,0x00000000da900000)
  to   space 5120K, 0% used [0x00000000d9f00000,0x00000000d9f00000,0x00000000da400000)
 ParOldGen       total 87552K, used 3716K [0x0000000081a00000, 0x0000000086f80000, 0x00000000d5e00000)
  object space 87552K, 4% used [0x0000000081a00000,0x0000000081da1050,0x0000000086f80000)
 Metaspace       used 16661K, capacity 16898K, committed 17024K, reserved 1064960K
  class space    used 2079K, capacity 2156K, committed 2176K, reserved 1048576K
}
Event: 1.219 GC heap before
{Heap before GC invocations=3 (full 0):
 PSYoungGen      total 71680K, used 30577K [0x00000000d5e00000, 0x00000000da900000, 0x0000000100000000)
  eden space 66560K, 38% used [0x00000000d5e00000,0x00000000d76deb40,0x00000000d9f00000)
  from space 5120K, 99% used [0x00000000da400000,0x00000000da8fdc20,0x00000000da900000)
  to   space 5120K, 0% used [0x00000000d9f00000,0x00000000d9f00000,0x00000000da400000)
 ParOldGen       total 87552K, used 3716K [0x0000000081a00000, 0x0000000086f80000, 0x00000000d5e00000)
  object space 87552K, 4% used [0x0000000081a00000,0x0000000081da1050,0x0000000086f80000)
 Metaspace       used 20884K, capacity 21120K, committed 21296K, reserved 1069056K
  class space    used 2540K, capacity 2625K, committed 2688K, reserved 1048576K
Event: 1.228 GC heap after
Heap after GC invocations=3 (full 0):
 PSYoungGen      total 71680K, used 5096K [0x00000000d5e00000, 0x00000000dea00000, 0x0000000100000000)
  eden space 66560K, 0% used [0x00000000d5e00000,0x00000000d5e00000,0x00000000d9f00000)
  from space 5120K, 99% used [0x00000000d9f00000,0x00000000da3fa040,0x00000000da400000)
  to   space 5120K, 0% used [0x00000000de500000,0x00000000de500000,0x00000000dea00000)
 ParOldGen       total 87552K, used 6718K [0x0000000081a00000, 0x0000000086f80000, 0x00000000d5e00000)
  object space 87552K, 7% used [0x0000000081a00000,0x000000008208f868,0x0000000086f80000)
 Metaspace       used 20884K, capacity 21120K, committed 21296K, reserved 1069056K
  class space    used 2540K, capacity 2625K, committed 2688K, reserved 1048576K
}
Event: 1.228 GC heap before
{Heap before GC invocations=4 (full 1):
 PSYoungGen      total 71680K, used 5096K [0x00000000d5e00000, 0x00000000dea00000, 0x0000000100000000)
  eden space 66560K, 0% used [0x00000000d5e00000,0x00000000d5e00000,0x00000000d9f00000)
  from space 5120K, 99% used [0x00000000d9f00000,0x00000000da3fa040,0x00000000da400000)
  to   space 5120K, 0% used [0x00000000de500000,0x00000000de500000,0x00000000dea00000)
 ParOldGen       total 87552K, used 6718K [0x0000000081a00000, 0x0000000086f80000, 0x00000000d5e00000)
  object space 87552K, 7% used [0x0000000081a00000,0x000000008208f868,0x0000000086f80000)
 Metaspace       used 20884K, capacity 21120K, committed 21296K, reserved 1069056K
  class space    used 2540K, capacity 2625K, committed 2688K, reserved 1048576K
Event: 1.255 GC heap after
Heap after GC invocations=4 (full 1):
 PSYoungGen      total 71680K, used 0K [0x00000000d5e00000, 0x00000000dea00000, 0x0000000100000000)
  eden space 66560K, 0% used [0x00000000d5e00000,0x00000000d5e00000,0x00000000d9f00000)
  from space 5120K, 0% used [0x00000000d9f00000,0x00000000d9f00000,0x00000000da400000)
  to   space 5120K, 0% used [0x00000000de500000,0x00000000de500000,0x00000000dea00000)
 ParOldGen       total 60416K, used 7882K [0x0000000081a00000, 0x0000000085500000, 0x00000000d5e00000)
  object space 60416K, 13% used [0x0000000081a00000,0x00000000821b2b60,0x0000000085500000)
 Metaspace       used 20884K, capacity 21120K, committed 21296K, reserved 1069056K
  class space    used 2540K, capacity 2625K, committed 2688K, reserved 1048576K
}
Event: 1.687 GC heap before
{Heap before GC invocations=5 (full 1):
 PSYoungGen      total 71680K, used 66560K [0x00000000d5e00000, 0x00000000dea00000, 0x0000000100000000)
  eden space 66560K, 100% used [0x00000000d5e00000,0x00000000d9f00000,0x00000000d9f00000)
  from space 5120K, 0% used [0x00000000d9f00000,0x00000000d9f00000,0x00000000da400000)
  to   space 5120K, 0% used [0x00000000de500000,0x00000000de500000,0x00000000dea00000)
 ParOldGen       total 60416K, used 7882K [0x0000000081a00000, 0x0000000085500000, 0x00000000d5e00000)
  object space 60416K, 13% used [0x0000000081a00000,0x00000000821b2b60,0x0000000085500000)
 Metaspace       used 22972K, capacity 23302K, committed 23424K, reserved 1069056K
  class space    used 2778K, capacity 2901K, committed 2944K, reserved 1048576K
Event: 1.694 GC heap after
Heap after GC invocations=5 (full 1):
 PSYoungGen      total 108032K, used 5110K [0x00000000d5e00000, 0x00000000dea00000, 0x0000000100000000)
  eden space 102912K, 0% used [0x00000000d5e00000,0x00000000d5e00000,0x00000000dc280000)
  from space 5120K, 99% used [0x00000000de500000,0x00000000de9fd838,0x00000000dea00000)
  to   space 5120K, 0% used [0x00000000de000000,0x00000000de000000,0x00000000de500000)
 ParOldGen       total 60416K, used 8089K [0x0000000081a00000, 0x0000000085500000, 0x00000000d5e00000)
  object space 60416K, 13% used [0x0000000081a00000,0x00000000821e6630,0x0000000085500000)
 Metaspace       used 22972K, capacity 23302K, committed 23424K, reserved 1069056K
  class space    used 2778K, capacity 2901K, committed 2944K, reserved 1048576K
}

Deoptimization events (10 events):
Event: 1.274 Thread 0x000000001a116000 Uncommon trap: reason=unstable_if action=reinterpret pc=0x000000000311c314 method=java.lang.String$CaseInsensitiveComparator.compare(Ljava/lang/String;Ljava/lang/String;)I @ 70
Event: 1.275 Thread 0x000000001a116000 Uncommon trap: reason=class_check action=maybe_recompile pc=0x00000000033675b0 method=java.util.regex.Pattern$CharProperty.match(Ljava/util/regex/Matcher;ILjava/lang/CharSequence;)Z @ 37
Event: 1.276 Thread 0x000000001a116000 Uncommon trap: reason=class_check action=maybe_recompile pc=0x00000000033675b0 method=java.util.regex.Pattern$CharProperty.match(Ljava/util/regex/Matcher;ILjava/lang/CharSequence;)Z @ 37
Event: 1.276 Thread 0x000000001a116000 Uncommon trap: reason=class_check action=maybe_recompile pc=0x00000000033675b0 method=java.util.regex.Pattern$CharProperty.match(Ljava/util/regex/Matcher;ILjava/lang/CharSequence;)Z @ 37
Event: 1.276 Thread 0x000000001a116000 Uncommon trap: reason=class_check action=maybe_recompile pc=0x00000000033675b0 method=java.util.regex.Pattern$CharProperty.match(Ljava/util/regex/Matcher;ILjava/lang/CharSequence;)Z @ 37
Event: 1.491 Thread 0x000000001a116000 Uncommon trap: reason=unstable_if action=reinterpret pc=0x00000000035f48cc method=org.springframework.asm.ClassReader.readUTF(II[C)Ljava/lang/String; @ 98
Event: 1.491 Thread 0x000000001a116000 Uncommon trap: reason=unstable_if action=reinterpret pc=0x00000000035e10a8 method=org.springframework.asm.ClassReader.readUTF(II[C)Ljava/lang/String; @ 98
Event: 1.574 Thread 0x000000001a116000 Uncommon trap: reason=bimorphic action=maybe_recompile pc=0x0000000003347578 method=java.util.HashMap.putVal(ILjava/lang/Object;Ljava/lang/Object;ZZ)Ljava/lang/Object; @ 253
Event: 1.901 Thread 0x000000001a116000 Uncommon trap: reason=unstable_if action=reinterpret pc=0x0000000003762950 method=org.springframework.asm.ClassReader.readCode(Lorg/springframework/asm/MethodVisitor;Lorg/springframework/asm/Context;I)V @ 826
Event: 1.902 Thread 0x000000001a116000 Uncommon trap: reason=class_check action=maybe_recompile pc=0x00000000033cd1ec method=java.util.concurrent.ConcurrentHashMap.putVal(Ljava/lang/Object;Ljava/lang/Object;Z)Ljava/lang/Object; @ 192

Internal exceptions (10 events):
Event: 1.119 Thread 0x000000001a116000 Exception <a 'java/lang/ClassNotFoundException': org/springframework/beans/factory/support/AbstractBeanDefinitionReaderCustomizer> (0x00000000d6c8d330) thrown at [C:\re\workspace\8-2-build-windows-amd64-cygwin\jdk8u121\8372\hotspot\src\share\vm\classfile\
Event: 1.120 Thread 0x000000001a116000 Exception <a 'java/lang/ClassNotFoundException': org/springframework/beans/factory/groovy/GroovyBeanDefinitionReaderCustomizer> (0x00000000d6cb5958) thrown at [C:\re\workspace\8-2-build-windows-amd64-cygwin\jdk8u121\8372\hotspot\src\share\vm\classfile\sys
Event: 1.256 Thread 0x000000001abf1000 Implicit null exception at 0x0000000003275b08 to 0x0000000003276cc5
Event: 1.256 Thread 0x000000001a116000 Exception <a 'java/lang/ClassNotFoundException': java/lang/ObjectCustomizer> (0x00000000d5e0e3e8) thrown at [C:\re\workspace\8-2-build-windows-amd64-cygwin\jdk8u121\8372\hotspot\src\share\vm\classfile\systemDictionary.cpp, line 210]
Event: 1.257 Thread 0x000000001a116000 Exception <a 'java/lang/ClassNotFoundException': org/springframework/context/annotation/ConfigurationClassPostProcessorCustomizer> (0x00000000d5e276c8) thrown at [C:\re\workspace\8-2-build-windows-amd64-cygwin\jdk8u121\8372\hotspot\src\share\vm\classfile\
Event: 1.258 Thread 0x000000001a116000 Exception <a 'java/lang/ClassNotFoundException': org/springframework/beans/factory/support/BeanDefinitionRegistryPostProcessorCustomizer> (0x00000000d5e4fbc0) thrown at [C:\re\workspace\8-2-build-windows-amd64-cygwin\jdk8u121\8372\hotspot\src\share\vm\cla
Event: 1.258 Thread 0x000000001a116000 Exception <a 'java/lang/ClassNotFoundException': org/springframework/core/PriorityOrderedCustomizer> (0x00000000d5e5fc70) thrown at [C:\re\workspace\8-2-build-windows-amd64-cygwin\jdk8u121\8372\hotspot\src\share\vm\classfile\systemDictionary.cpp, line 210
Event: 1.258 Thread 0x000000001a116000 Exception <a 'java/lang/ClassNotFoundException': org/springframework/context/ResourceLoaderAwareCustomizer> (0x00000000d5e703a8) thrown at [C:\re\workspace\8-2-build-windows-amd64-cygwin\jdk8u121\8372\hotspot\src\share\vm\classfile\systemDictionary.cpp, l
Event: 1.258 Thread 0x000000001a116000 Exception <a 'java/lang/ClassNotFoundException': org/springframework/beans/factory/BeanClassLoaderAwareCustomizer> (0x00000000d5e83388) thrown at [C:\re\workspace\8-2-build-windows-amd64-cygwin\jdk8u121\8372\hotspot\src\share\vm\classfile\systemDictionary
Event: 1.259 Thread 0x000000001a116000 Exception <a 'java/lang/ClassNotFoundException': org/springframework/context/EnvironmentAwareCustomizer> (0x00000000d5e94498) thrown at [C:\re\workspace\8-2-build-windows-amd64-cygwin\jdk8u121\8372\hotspot\src\share\vm\classfile\systemDictionary.cpp, line

Events (10 events):
Event: 2.077 loading class org/springframework/objenesis/ObjenesisException
Event: 2.077 loading class org/springframework/objenesis/ObjenesisException done
Event: 2.077 loading class org/springframework/context/annotation/ConfigurationClassEnhancer$BeanFactoryAwareMethodInterceptor
Event: 2.077 loading class org/springframework/context/annotation/ConfigurationClassEnhancer$BeanFactoryAwareMethodInterceptor done
Event: 2.078 loading class org/springframework/cglib/proxy/NoOp
Event: 2.078 loading class org/springframework/cglib/proxy/NoOp done
Event: 2.078 loading class org/springframework/cglib/proxy/NoOp$1
Event: 2.078 loading class org/springframework/cglib/proxy/NoOp$1 done
Event: 2.078 loading class org/springframework/context/annotation/ConfigurationClassEnhancer$ConditionalCallbackFilter
Event: 2.078 loading class org/springframework/context/annotation/ConfigurationClassEnhancer$ConditionalCallbackFilter done


Dynamic libraries:
0x00007ff616bd0000 - 0x00007ff616c07000 	E:\Program Files\Java\jdk1.8.0_121\bin\javaw.exe
0x00007ffa122c0000 - 0x00007ffa12469000 	C:\Windows\SYSTEM32\ntdll.dll
0x00007ffa0fe00000 - 0x00007ffa0ff39000 	C:\Windows\system32\KERNEL32.DLL
0x00007ffa0f940000 - 0x00007ffa0fa4e000 	C:\Windows\system32\KERNELBASE.dll
0x00007ffa10990000 - 0x00007ffa10a35000 	C:\Windows\system32\ADVAPI32.dll
0x00007ffa10810000 - 0x00007ffa10981000 	C:\Windows\system32\USER32.dll
0x00007ffa0cf00000 - 0x00007ffa0d15a000 	C:\Windows\WinSxS\amd64_microsoft.windows.common-controls_6595b64144ccf1df_6.0.9600.16384_none_62475f7becb72503\COMCTL32.dll
0x00007ffa10aa0000 - 0x00007ffa10b47000 	C:\Windows\system32\msvcrt.dll
0x00007ffa107b0000 - 0x00007ffa10807000 	C:\Windows\SYSTEM32\sechost.dll
0x00007ffa10630000 - 0x00007ffa10766000 	C:\Windows\system32\RPCRT4.dll
0x00007ffa10ca0000 - 0x00007ffa10de5000 	C:\Windows\system32\GDI32.dll
0x00007ffa10770000 - 0x00007ffa107a4000 	C:\Windows\system32\IMM32.DLL
0x00007ffa0fbf0000 - 0x00007ffa0fd29000 	C:\Windows\system32\MSCTF.dll
0x00000000506a0000 - 0x0000000050772000 	E:\Program Files\Java\jdk1.8.0_121\jre\bin\msvcr100.dll
0x0000000077760000 - 0x0000000077ffb000 	E:\Program Files\Java\jdk1.8.0_121\jre\bin\server\jvm.dll
0x00007ffa01e40000 - 0x00007ffa01e49000 	C:\Windows\SYSTEM32\WSOCK32.dll
0x00007ffa003a0000 - 0x00007ffa003bf000 	C:\Windows\SYSTEM32\WINMM.dll
0x00007ffa01700000 - 0x00007ffa0170a000 	C:\Windows\SYSTEM32\VERSION.dll
0x00007ffa100c0000 - 0x00007ffa100c7000 	C:\Windows\system32\PSAPI.DLL
0x00007ffa0fb80000 - 0x00007ffa0fbd8000 	C:\Windows\system32\WS2_32.dll
0x00007ffa00370000 - 0x00007ffa0039a000 	C:\Windows\SYSTEM32\WINMMBASE.dll
0x00007ffa0fb70000 - 0x00007ffa0fb79000 	C:\Windows\system32\NSI.dll
0x00007ffa0f710000 - 0x00007ffa0f75a000 	C:\Windows\SYSTEM32\cfgmgr32.dll
0x00007ffa0e4c0000 - 0x00007ffa0e4e6000 	C:\Windows\SYSTEM32\DEVOBJ.dll
0x0000000050690000 - 0x000000005069f000 	E:\Program Files\Java\jdk1.8.0_121\jre\bin\verify.dll
0x0000000050660000 - 0x0000000050689000 	E:\Program Files\Java\jdk1.8.0_121\jre\bin\java.dll
0x0000000050640000 - 0x0000000050656000 	E:\Program Files\Java\jdk1.8.0_121\jre\bin\zip.dll
0x00007ffa10eb0000 - 0x00007ffa122bd000 	C:\Windows\system32\SHELL32.dll
0x00007ffa100d0000 - 0x00007ffa102a7000 	C:\Windows\SYSTEM32\combase.dll
0x00007ffa10a40000 - 0x00007ffa10a91000 	C:\Windows\system32\SHLWAPI.dll
0x00007ffa0dbb0000 - 0x00007ffa0dc51000 	C:\Windows\SYSTEM32\SHCORE.dll
0x00007ffa0f640000 - 0x00007ffa0f654000 	C:\Windows\SYSTEM32\profapi.dll
0x0000000050630000 - 0x000000005063d000 	E:\Program Files\Java\jdk1.8.0_121\jre\bin\management.dll
0x0000000050610000 - 0x000000005062a000 	E:\Program Files\Java\jdk1.8.0_121\jre\bin\net.dll
0x00007ffa0eea0000 - 0x00007ffa0eef8000 	C:\Windows\system32\mswsock.dll
0x00000000505f0000 - 0x0000000050601000 	E:\Program Files\Java\jdk1.8.0_121\jre\bin\nio.dll
0x00007ffa06790000 - 0x00007ffa067a4000 	C:\Windows\system32\napinsp.dll
0x00007ffa06770000 - 0x00007ffa06789000 	C:\Windows\system32\pnrpnsp.dll
0x00007ffa0d710000 - 0x00007ffa0d729000 	C:\Windows\system32\NLAapi.dll
0x00007ffa0ecb0000 - 0x00007ffa0ed53000 	C:\Windows\SYSTEM32\DNSAPI.dll
0x00007ffa06760000 - 0x00007ffa0676c000 	C:\Windows\System32\winrnr.dll
0x00007ffa06cb0000 - 0x00007ffa06cb9000 	C:\Windows\System32\rasadhlp.dll
0x00007ffa09db0000 - 0x00007ffa09dd9000 	C:\Windows\SYSTEM32\IPHLPAPI.DLL
0x00007ffa09da0000 - 0x00007ffa09daa000 	C:\Windows\SYSTEM32\WINNSI.DLL
0x00007ffa095a0000 - 0x00007ffa09607000 	C:\Windows\System32\fwpuclnt.dll
0x00007ffa0ef00000 - 0x00007ffa0ef1e000 	C:\Windows\SYSTEM32\CRYPTSP.dll
0x00007ffa0eb40000 - 0x00007ffa0eb75000 	C:\Windows\system32\rsaenh.dll
0x00007ffa0f130000 - 0x00007ffa0f156000 	C:\Windows\SYSTEM32\bcrypt.dll
0x00007ffa0ec50000 - 0x00007ffa0ec6f000 	C:\Windows\SYSTEM32\USERENV.dll
0x00007ffa0f450000 - 0x00007ffa0f4ae000 	C:\Windows\system32\bcryptprimitives.dll
0x00007ffa0f4b0000 - 0x00007ffa0f4ba000 	C:\Windows\SYSTEM32\CRYPTBASE.dll
0x00007ffa098a0000 - 0x00007ffa098b4000 	C:\Windows\SYSTEM32\dhcpcsvc6.DLL
0x00007ffa09880000 - 0x00007ffa09899000 	C:\Windows\SYSTEM32\dhcpcsvc.DLL

VM Arguments:
jvm_args: -Dcom.sun.management.jmxremote -Dcom.sun.management.jmxremote.port=18794 -Dcom.sun.management.jmxremote.authenticate=false -Dcom.sun.management.jmxremote.ssl=false -Dspring.liveBeansView.mbeanDomain -Dspring.application.admin.enabled=true -Dfile.encoding=UTF-8 
java_command: com.birdsh.SpringBootTestApplication --spring.output.ansi.enabled=always
java_class_path (initial): F:\GitHub\SpringBoot\target\classes;C:\Users\Administrator\.m2\repository\org\springframework\boot\spring-boot-starter-web\1.5.6.RELEASE\spring-boot-starter-web-1.5.6.RELEASE.jar;C:\Users\Administrator\.m2\repository\org\springframework\boot\spring-boot-starter-tomcat\1.5.6.RELEASE\spring-boot-starter-tomcat-1.5.6.RELEASE.jar;C:\Users\Administrator\.m2\repository\org\apache\tomcat\embed\tomcat-embed-core\8.5.16\tomcat-embed-core-8.5.16.jar;C:\Users\Administrator\.m2\repository\org\apache\tomcat\embed\tomcat-embed-el\8.5.16\tomcat-embed-el-8.5.16.jar;C:\Users\Administrator\.m2\repository\org\apache\tomcat\embed\tomcat-embed-websocket\8.5.16\tomcat-embed-websocket-8.5.16.jar;C:\Users\Administrator\.m2\repository\org\hibernate\hibernate-validator\5.3.5.Final\hibernate-validator-5.3.5.Final.jar;C:\Users\Administrator\.m2\repository\javax\validation\validation-api\1.1.0.Final\validation-api-1.1.0.Final.jar;C:\Users\Administrator\.m2\repository\org\jboss\logging\jboss-logging\3.3.1.Final\jboss-logging-3.3.1.Final.jar;C:\Users\Administrator\.m2\repository\com\fasterxml\jackson\core\jackson-databind\2.8.9\jackson-databind-2.8.9.jar;C:\Users\Administrator\.m2\repository\com\fasterxml\jackson\core\jackson-annotations\2.8.0\jackson-annotations-2.8.0.jar;C:\Users\Administrator\.m2\repository\com\fasterxml\jackson\core\jackson-core\2.8.9\jackson-core-2.8.9.jar;C:\Users\Administrator\.m2\repository\org\springframework\spring-web\4.3.10.RELEASE\spring-web-4.3.10.RELEASE.jar;C:\Users\Administrator\.m2\repository\org\springframework\spring-aop\4.3.10.RELEASE\spring-aop-4.3.10.RELEASE.jar;C:\Users\Administrator\.m2\repository\org\springframework\spring-beans\4.3.10.RELEASE\spring-beans-4.3.10.RELEASE.jar;C:\Users\Administrator\.m2\repository\org\springframework\spring-context\4.3.10.RELEASE\spring-context-4.3.10.RELEASE.jar;C:\Users\Administrator\.m2\repository\org\springframework\spring-webmvc\4.3.10.RELEASE\spring-webmvc-4.3.10.RELEASE.jar;C:\Users\Admi
Launcher Type: SUN_STANDARD

Environment Variables:
JAVA_HOME=E:\Program Files\Java\jdk1.8.0_121
PATH=E:/Program Files/Java/jre1.8.0_121/bin/server;E:/Program Files/Java/jre1.8.0_121/bin;E:/Program Files/Java/jre1.8.0_121/lib/amd64;C:\ProgramData\Oracle\Java\javapath;C:\Windows\system32;C:\Windows;C:\Windows\System32\Wbem;C:\Windows\System32\WindowsPowerShell\v1.0\;E:\Program Files\Java\jdk1.8.0_121\bin;E:\Program Files\Java\jdk1.8.0_121\jre\bin;E:\Program Files\MySQL\MySQL Server 5.5\bin;E:\apache-maven-3.5.0\bin;C:\Windows\SysWOW64\5097;C:\Windows\SysWOW64;C:\Program Files (x86)\Windows Kits\8.1\Windows Performance Toolkit\;C:\Program Files\Microsoft SQL Server\110\Tools\Binn\;C:\Program Files (x86)\Microsoft SDKs\TypeScript\1.0\;C:\Program Files\Microsoft SQL Server\120\Tools\Binn\;E:\Program Files\TortoiseSVN\bin;E:\Program Files\TortoiseGit\bin;E:\Program Files\Git\cmd;E:\sts-bundle\sts-3.8.3.RELEASE;
USERNAME=Administrator
OS=Windows_NT
PROCESSOR_IDENTIFIER=Intel64 Family 6 Model 94 Stepping 3, GenuineIntel



---------------  S Y S T E M  ---------------

OS: Windows 8.1 , 64 bit Build 9600 (6.3.9600.16656)

CPU:total 4 (4 cores per cpu, 1 threads per core) family 6 model 94 stepping 3, cmov, cx8, fxsr, mmx, sse, sse2, sse3, ssse3, sse4.1, sse4.2, popcnt, avx, avx2, aes, clmul, erms, 3dnowpref, lzcnt, tsc, tscinvbit, bmi1, bmi2, adx

Memory: 4k page, physical 8275416k(2575240k free), swap 8275416k(5112k free)

vm_info: Java HotSpot(TM) 64-Bit Server VM (25.121-b13) for windows-amd64 JRE (1.8.0_121-b13), built on Dec 12 2016 18:21:36 by "java_re" with MS VC++ 10.0 (VS2010)

time: Thu Sep 14 18:01:28 2017
elapsed time: 2 seconds (0d 0h 0m 2s)

